<?xml version="1.0" encoding="UTF-8" ?>
<!DOCTYPE mapper PUBLIC "-//mybatis.org//DTD Mapper 3.0//EN"
	"http://mybatis.org/dtd/mybatis-3-mapper.dtd">
<mapper namespace="kr.co.mlec.Login.LoginDAO">

    <insert id="loginInsert" parameterType="login">
    	insert into test_db.tc_member (id, name, password, email)
    	 values(#{id}, #{name}, #{password}, #{email})
    </insert>
    
    <select id="check" resultType="login">
    	select id, name, password, email,
    			date_format(reg_date, '%Y-%M-%D') as regDate
    		from test_db.tc_member
    </select>
</mapper>