<?xml version="1.0" encoding="UTF-8" ?>
<!DOCTYPE mapper PUBLIC "-//mybatis.org//DTD Mapper 3.0//EN"
	"http://mybatis.org/dtd/mybatis-3-mapper.dtd">
	
<mapper namespace="kr.co.mlec.Board.BoardDAO">
	<select id="boardSelect" resultType="board">
		select board_no as boardNo, writer, title,
		       date_format(reg_date, '%Y-%M-%D') as regDate
		  from test_db.tc_board
		order by board_no desc
	</select>
	
	<insert id="boardInsert" parameterType="board">
    	insert into test_db.tc_board(title, writer, content)
    	 values(#{title}, #{writer}, #{content})
    	<selectKey resultType="int" keyProperty="boardNo" order="AFTER">
    		select last_insert_id()
    	</selectKey>
    </insert>
    
	<select id="boardDetail" parameterType="int" resultType="board">
    	select board_no as boardNo, writer, title, content,
    		   date_format(reg_date, '%Y-%M-%D') as regDate
    	  from test_db.tc_board
    	 where board_no = #{boardNo}	   
    </select>
    
    <delete id="boardDelete" parameterType="int">
  	 	delete
    	  from test_db.tc_board
    	 where board_no = #{boardNo}
    </delete>
    
    <update id="boardUpdate" parameterType="board">
    	update test_db.tc_board
    		set title = #{title},
    			content = #{content}
    	 where board_no = #{boardNo}
    </update>
    
    <select id="commentSelect" parameterType="int" resultType="comment">
		select no, board_no as boardNo, writer, content,
		 	   date_format(reg_date, '%Y-%M-%D') as regDate
		  from tc_comment
		 where board_no = #{ boardNo }
		order by no desc
	</select>
</mapper>